app/build/intermediates/manifest_merge_blame_file/debug/manifest-merger-blame-debug-report.txt
1<?xml version="1.0" encoding="utf-8"?>
2<manifest xmlns:android="http://schemas.android.com/apk/res/android"
3    package="com.example.bakso"
4    android:versionCode="1"
5    android:versionName="1.0" >
6
7    <uses-sdk
8        android:minSdkVersion="21"
8-->src\main\AndroidManifest.xml
9        android:targetSdkVersion="33" />
9-->src\main\AndroidManifest.xml
10
11    <uses-permission android:name="android.permission.INTERNET" />
11-->src\main\AndroidManifest.xml:5:5-66
11-->src\main\AndroidManifest.xml:5:22-64
12
13    <permission
13-->[androidx.core:core:1.9.0] AndroidManifest.xml:22:5-24:47
14        android:name="com.example.bakso.DYNAMIC_RECEIVER_NOT_EXPORTED_PERMISSION"
14-->[androidx.core:core:1.9.0] AndroidManifest.xml:23:9-81
15        android:protectionLevel="signature" />
15-->[androidx.core:core:1.9.0] AndroidManifest.xml:24:9-44
16
17    <uses-permission android:name="com.example.bakso.DYNAMIC_RECEIVER_NOT_EXPORTED_PERMISSION" />
17-->[androidx.core:core:1.9.0] AndroidManifest.xml:26:5-97
17-->[androidx.core:core:1.9.0] AndroidManifest.xml:26:22-94
18
19    <application
19-->src\main\AndroidManifest.xml:7:5-38:19
20        android:allowBackup="true"
20-->src\main\AndroidManifest.xml:9:9-35
21        android:appComponentFactory="androidx.core.app.CoreComponentFactory"
21-->[androidx.core:core:1.9.0] AndroidManifest.xml:28:18-86
22        android:dataExtractionRules="@xml/data_extraction_rules"
22-->src\main\AndroidManifest.xml:10:9-65
23        android:debuggable="true"
24        android:fullBackupContent="@xml/backup_rules"
24-->src\main\AndroidManifest.xml:11:9-54
25        android:icon="@mipmap/ic_launcher"
25-->src\main\AndroidManifest.xml:12:9-43
26        android:label="@string/app_name"
26-->src\main\AndroidManifest.xml:13:9-41
27        android:supportsRtl="true"
27-->src\main\AndroidManifest.xml:14:9-35
28        android:testOnly="true"
29        android:theme="@style/Theme.Bakso"
29-->src\main\AndroidManifest.xml:15:9-43
30        android:usesCleartextTraffic="true" >
30-->src\main\AndroidManifest.xml:8:9-44
31        <activity
31-->src\main\AndroidManifest.xml:17:9-25:20
32            android:name="com.example.bakso.LoginActivity"
32-->src\main\AndroidManifest.xml:18:13-42
33            android:exported="true" >
33-->src\main\AndroidManifest.xml:19:13-36
34            <intent-filter>
34-->src\main\AndroidManifest.xml:20:13-24:29
35                <action android:name="android.intent.action.MAIN" />
35-->src\main\AndroidManifest.xml:21:17-69
35-->src\main\AndroidManifest.xml:21:25-66
36
37                <category android:name="android.intent.category.LAUNCHER" />
37-->src\main\AndroidManifest.xml:23:17-77
37-->src\main\AndroidManifest.xml:23:27-74
38            </intent-filter>
39        </activity>
40
41        <meta-data
41-->src\main\AndroidManifest.xml:26:9-28:57
42            android:name="preloaded_fonts"
42-->src\main\AndroidManifest.xml:27:13-43
43            android:resource="@array/preloaded_fonts" />
43-->src\main\AndroidManifest.xml:28:13-54
44
45        <activity android:name="com.example.bakso.MainActivity" />
45-->src\main\AndroidManifest.xml:30:9-49
45-->src\main\AndroidManifest.xml:30:19-47
46        <activity android:name="com.example.bakso.MenuActivity" />
46-->src\main\AndroidManifest.xml:31:9-49
46-->src\main\AndroidManifest.xml:31:19-47
47        <activity android:name="com.example.bakso.OrderActivity" />
47-->src\main\AndroidManifest.xml:32:9-50
47-->src\main\AndroidManifest.xml:32:19-48
48        <activity android:name="com.example.bakso.ListOrderActivity" />
48-->src\main\AndroidManifest.xml:33:9-54
48-->src\main\AndroidManifest.xml:33:19-52
49        <activity android:name="com.example.bakso.RiwayatActivity" />
49-->src\main\AndroidManifest.xml:34:9-52
49-->src\main\AndroidManifest.xml:34:19-50
50        <activity android:name="com.example.bakso.DetailActivity" />
50-->src\main\AndroidManifest.xml:35:9-51
50-->src\main\AndroidManifest.xml:35:19-49
51        <activity android:name="com.example.bakso.EditOrderActivity" />
51-->src\main\AndroidManifest.xml:36:9-54
51-->src\main\AndroidManifest.xml:36:19-52
52        <activity android:name="com.example.bakso.BayarActivity" />
52-->src\main\AndroidManifest.xml:37:9-50
52-->src\main\AndroidManifest.xml:37:19-48
53
54        <provider
54-->[androidx.emoji2:emoji2:1.2.0] AndroidManifest.xml:24:9-32:20
55            android:name="androidx.startup.InitializationProvider"
55-->[androidx.emoji2:emoji2:1.2.0] AndroidManifest.xml:25:13-67
56            android:authorities="com.example.bakso.androidx-startup"
56-->[androidx.emoji2:emoji2:1.2.0] AndroidManifest.xml:26:13-68
57            android:exported="false" >
57-->[androidx.emoji2:emoji2:1.2.0] AndroidManifest.xml:27:13-37
58            <meta-data
58-->[androidx.emoji2:emoji2:1.2.0] AndroidManifest.xml:29:13-31:52
59                android:name="androidx.emoji2.text.EmojiCompatInitializer"
59-->[androidx.emoji2:emoji2:1.2.0] AndroidManifest.xml:30:17-75
60                android:value="androidx.startup" />
60-->[androidx.emoji2:emoji2:1.2.0] AndroidManifest.xml:31:17-49
61            <meta-data
61-->[androidx.lifecycle:lifecycle-process:2.4.1] AndroidManifest.xml:31:13-33:52
62                android:name="androidx.lifecycle.ProcessLifecycleInitializer"
62-->[androidx.lifecycle:lifecycle-process:2.4.1] AndroidManifest.xml:32:17-78
63                android:value="androidx.startup" />
63-->[androidx.lifecycle:lifecycle-process:2.4.1] AndroidManifest.xml:33:17-49
64        </provider>
65        <provider
65-->[com.squareup.picasso:picasso:2.8] AndroidManifest.xml:8:9-11:40
66            android:name="com.squareup.picasso.PicassoProvider"
66-->[com.squareup.picasso:picasso:2.8] AndroidManifest.xml:9:13-64
67            android:authorities="com.example.bakso.com.squareup.picasso"
67-->[com.squareup.picasso:picasso:2.8] AndroidManifest.xml:10:13-72
68            android:exported="false" />
68-->[com.squareup.picasso:picasso:2.8] AndroidManifest.xml:11:13-37
69    </application>
70
71</manifest>